0 verbose cli C:\Program Files\nodejs\node.exe C:\Program Files\nodejs\node_modules\npm\bin\npm-cli.js
1 info using npm@11.12.1
2 info using node@v24.15.0
3 silly config load:file:C:\Program Files\nodejs\node_modules\npm\npmrc
4 silly config load:file:C:\Users\Altside\Documents\Painel Loan\.npmrc
5 silly config load:file:C:\Users\Altside\.npmrc
6 silly config load:file:C:\Users\Altside\AppData\Roaming\npm\etc\npmrc
7 verbose title npm install @bgd-labs/aave-address-book
8 verbose argv "install" "@bgd-labs/aave-address-book" "--cache" ".npm-cache"
9 verbose logfile logs-max:10 dir:C:\Users\Altside\Documents\Painel Loan\.npm-cache\_logs\2026-06-22T18_04_46_266Z-
10 verbose logfile C:\Users\Altside\Documents\Painel Loan\.npm-cache\_logs\2026-06-22T18_04_46_266Z-debug-0.log
11 silly logfile done cleaning log files
12 silly packumentCache heap:4496293888 maxSize:1124073472 maxEntrySize:562036736
13 silly idealTree buildDeps
14 silly fetch manifest @bgd-labs/aave-address-book@*
15 silly packumentCache full:https://registry.npmjs.org/@bgd-labs%2faave-address-book cache-miss
16 http fetch GET 200 https://registry.npmjs.org/@bgd-labs%2faave-address-book 934ms (cache miss)
17 silly packumentCache full:https://registry.npmjs.org/@bgd-labs%2faave-address-book set size:undefined disposed:false
18 silly fetch manifest viem@^2.40.3
19 silly packumentCache full:https://registry.npmjs.org/viem cache-miss
20 http fetch GET 200 https://registry.npmjs.org/viem 326ms (cache revalidated)
21 silly packumentCache full:https://registry.npmjs.org/viem set size:10871433 disposed:false
22 silly fetch manifest typescript@^5.9.3
23 silly packumentCache full:https://registry.npmjs.org/typescript cache-miss
24 http fetch GET 200 https://registry.npmjs.org/typescript 127ms (cache revalidated)
25 silly packumentCache full:https://registry.npmjs.org/typescript set size:15410956 disposed:false
26 silly placeDep ROOT @bgd-labs/aave-address-book@4.44.22 OK for: painel-loan@0.1.0 want: *
27 silly reify moves {}
28 silly audit bulk request {
28 silly audit   '@adraffy/ens-normalize': [ '1.11.1' ],
28 silly audit   '@babel/code-frame': [ '7.29.7' ],
28 silly audit   '@babel/compat-data': [ '7.29.7' ],
28 silly audit   '@babel/core': [ '7.29.7' ],
28 silly audit   '@babel/generator': [ '7.29.7' ],
28 silly audit   '@babel/helper-compilation-targets': [ '7.29.7' ],
28 silly audit   '@babel/helper-globals': [ '7.29.7' ],
28 silly audit   '@babel/helper-module-imports': [ '7.29.7' ],
28 silly audit   '@babel/helper-module-transforms': [ '7.29.7' ],
28 silly audit   '@babel/helper-plugin-utils': [ '7.29.7' ],
28 silly audit   '@babel/helper-string-parser': [ '7.29.7' ],
28 silly audit   '@babel/helper-validator-identifier': [ '7.29.7' ],
28 silly audit   '@babel/helper-validator-option': [ '7.29.7' ],
28 silly audit   '@babel/helpers': [ '7.29.7' ],
28 silly audit   '@babel/parser': [ '7.29.7' ],
28 silly audit   '@babel/plugin-transform-react-jsx-self': [ '7.29.7' ],
28 silly audit   '@babel/plugin-transform-react-jsx-source': [ '7.29.7' ],
28 silly audit   '@babel/template': [ '7.29.7' ],
28 silly audit   '@babel/traverse': [ '7.29.7' ],
28 silly audit   '@babel/types': [ '7.29.7' ],
28 silly audit   '@emnapi/core': [ '1.10.0' ],
28 silly audit   '@emnapi/runtime': [ '1.10.0' ],
28 silly audit   '@emnapi/wasi-threads': [ '1.2.1' ],
28 silly audit   '@esbuild/aix-ppc64': [ '0.28.1' ],
28 silly audit   '@esbuild/android-arm': [ '0.28.1' ],
28 silly audit   '@esbuild/android-arm64': [ '0.28.1' ],
28 silly audit   '@esbuild/android-x64': [ '0.28.1' ],
28 silly audit   '@esbuild/darwin-arm64': [ '0.28.1' ],
28 silly audit   '@esbuild/darwin-x64': [ '0.28.1' ],
28 silly audit   '@esbuild/freebsd-arm64': [ '0.28.1' ],
28 silly audit   '@esbuild/freebsd-x64': [ '0.28.1' ],
28 silly audit   '@esbuild/linux-arm': [ '0.28.1' ],
28 silly audit   '@esbuild/linux-arm64': [ '0.28.1' ],
28 silly audit   '@esbuild/linux-ia32': [ '0.28.1' ],
28 silly audit   '@esbuild/linux-loong64': [ '0.28.1' ],
28 silly audit   '@esbuild/linux-mips64el': [ '0.28.1' ],
28 silly audit   '@esbuild/linux-ppc64': [ '0.28.1' ],
28 silly audit   '@esbuild/linux-riscv64': [ '0.28.1' ],
28 silly audit   '@esbuild/linux-s390x': [ '0.28.1' ],
28 silly audit   '@esbuild/linux-x64': [ '0.28.1' ],
28 silly audit   '@esbuild/netbsd-arm64': [ '0.28.1' ],
28 silly audit   '@esbuild/netbsd-x64': [ '0.28.1' ],
28 silly audit   '@esbuild/openbsd-arm64': [ '0.28.1' ],
28 silly audit   '@esbuild/openbsd-x64': [ '0.28.1' ],
28 silly audit   '@esbuild/openharmony-arm64': [ '0.28.1' ],
28 silly audit   '@esbuild/sunos-x64': [ '0.28.1' ],
28 silly audit   '@esbuild/win32-arm64': [ '0.28.1' ],
28 silly audit   '@esbuild/win32-ia32': [ '0.28.1' ],
28 silly audit   '@esbuild/win32-x64': [ '0.28.1' ],
28 silly audit   '@eslint-community/eslint-utils': [ '4.9.1' ],
28 silly audit   '@eslint-community/regexpp': [ '4.12.2' ],
28 silly audit   '@eslint/eslintrc': [ '2.1.4' ],
28 silly audit   '@eslint/js': [ '8.57.1' ],
28 silly audit   '@humanwhocodes/config-array': [ '0.13.0' ],
28 silly audit   '@humanwhocodes/module-importer': [ '1.0.1' ],
28 silly audit   '@humanwhocodes/object-schema': [ '2.0.3' ],
28 silly audit   '@isaacs/cliui': [ '8.0.2' ],
28 silly audit   'ansi-regex': [ '6.2.2', '5.0.1' ],
28 silly audit   'strip-ansi': [ '7.2.0', '6.0.1' ],
28 silly audit   '@jridgewell/gen-mapping': [ '0.3.13' ],
28 silly audit   '@jridgewell/remapping': [ '2.3.5' ],
28 silly audit   '@jridgewell/resolve-uri': [ '3.1.2' ],
28 silly audit   '@jridgewell/sourcemap-codec': [ '1.5.5' ],
28 silly audit   '@jridgewell/trace-mapping': [ '0.3.31' ],
28 silly audit   '@napi-rs/wasm-runtime': [ '1.1.5' ],
28 silly audit   '@next/env': [ '14.2.35' ],
28 silly audit   '@next/eslint-plugin-next': [ '14.2.35' ],
28 silly audit   '@next/swc-darwin-arm64': [ '14.2.33' ],
28 silly audit   '@next/swc-darwin-x64': [ '14.2.33' ],
28 silly audit   '@next/swc-linux-arm64-gnu': [ '14.2.33' ],
28 silly audit   '@next/swc-linux-arm64-musl': [ '14.2.33' ],
28 silly audit   '@next/swc-linux-x64-gnu': [ '14.2.33' ],
28 silly audit   '@next/swc-linux-x64-musl': [ '14.2.33' ],
28 silly audit   '@next/swc-win32-arm64-msvc': [ '14.2.33' ],
28 silly audit   '@next/swc-win32-ia32-msvc': [ '14.2.33' ],
28 silly audit   '@next/swc-win32-x64-msvc': [ '14.2.33' ],
28 silly audit   '@noble/ciphers': [ '1.3.0' ],
28 silly audit   '@noble/curves': [ '1.9.1' ],
28 silly audit   '@noble/hashes': [ '1.8.0' ],
28 silly audit   '@nodelib/fs.scandir': [ '2.1.5' ],
28 silly audit   '@nodelib/fs.stat': [ '2.0.5' ],
28 silly audit   '@nodelib/fs.walk': [ '1.2.8' ],
28 silly audit   '@nolyfill/is-core-module': [ '1.0.39' ],
28 silly audit   '@oxc-project/types': [ '0.133.0' ],
28 silly audit   '@pkgjs/parseargs': [ '0.11.0' ],
28 silly audit   '@rolldown/binding-android-arm64': [ '1.0.3' ],
28 silly audit   '@rolldown/binding-darwin-arm64': [ '1.0.3' ],
28 silly audit   '@rolldown/binding-darwin-x64': [ '1.0.3' ],
28 silly audit   '@rolldown/binding-freebsd-x64': [ '1.0.3' ],
28 silly audit   '@rolldown/binding-linux-arm-gnueabihf': [ '1.0.3' ],
28 silly audit   '@rolldown/binding-linux-arm64-gnu': [ '1.0.3' ],
28 silly audit   '@rolldown/binding-linux-arm64-musl': [ '1.0.3' ],
28 silly audit   '@rolldown/binding-linux-ppc64-gnu': [ '1.0.3' ],
28 silly audit   '@rolldown/binding-linux-s390x-gnu': [ '1.0.3' ],
28 silly audit   '@rolldown/binding-linux-x64-gnu': [ '1.0.3' ],
28 silly audit   '@rolldown/binding-linux-x64-musl': [ '1.0.3' ],
28 silly audit   '@rolldown/binding-openharmony-arm64': [ '1.0.3' ],
28 silly audit   '@rolldown/binding-wasm32-wasi': [ '1.0.3' ],
28 silly audit   '@rolldown/binding-win32-arm64-msvc': [ '1.0.3' ],
28 silly audit   '@rolldown/binding-win32-x64-msvc': [ '1.0.3' ],
28 silly audit   '@rolldown/pluginutils': [ '1.0.0-rc.3', '1.0.1' ],
28 silly audit   '@rtsao/scc': [ '1.1.0' ],
28 silly audit   '@rushstack/eslint-patch': [ '1.16.1' ],
28 silly audit   '@scure/base': [ '1.2.6' ],
28 silly audit   '@scure/bip32': [ '1.7.0' ],
28 silly audit   '@scure/bip39': [ '1.6.0' ],
28 silly audit   '@swc/counter': [ '0.1.3' ],
28 silly audit   '@swc/helpers': [ '0.5.5' ],
28 silly audit   '@tybys/wasm-util': [ '0.10.2' ],
28 silly audit   '@types/babel__core': [ '7.20.5' ],
28 silly audit   '@types/babel__generator': [ '7.27.0' ],
28 silly audit   '@types/babel__template': [ '7.4.4' ],
28 silly audit   '@types/babel__traverse': [ '7.28.0' ],
28 silly audit   '@types/json5': [ '0.0.29' ],
28 silly audit   '@types/node': [ '22.20.0' ],
28 silly audit   '@types/prop-types': [ '15.7.15' ],
28 silly audit   '@types/react': [ '18.3.31' ],
28 silly audit   '@types/react-dom': [ '18.3.7' ],
28 silly audit   '@typescript-eslint/eslint-plugin': [ '8.61.1' ],
28 silly audit   ignore: [ '7.0.5', '5.3.2' ],
28 silly audit   '@typescript-eslint/parser': [ '8.61.1' ],
28 silly audit   '@typescript-eslint/project-service': [ '8.61.1' ],
28 silly audit   '@typescript-eslint/scope-manager': [ '8.61.1' ],
28 silly audit   '@typescript-eslint/tsconfig-utils': [ '8.61.1' ],
28 silly audit   '@typescript-eslint/type-utils': [ '8.61.1' ],
28 silly audit   '@typescript-eslint/types': [ '8.61.1' ],
28 silly audit   '@typescript-eslint/typescript-estree': [ '8.61.1' ],
28 silly audit   'balanced-match': [ '4.0.4', '1.0.2' ],
28 silly audit   'brace-expansion': [ '5.0.6', '1.1.15', '2.1.1' ],
28 silly audit   minimatch: [ '10.2.5', '9.0.9', '3.1.5' ],
28 silly audit   semver: [ '7.8.5', '6.3.1' ],
28 silly audit   '@typescript-eslint/utils': [ '8.61.1' ],
28 silly audit   '@typescript-eslint/visitor-keys': [ '8.61.1' ],
28 silly audit   'eslint-visitor-keys': [ '5.0.1', '3.4.3' ],
28 silly audit   '@ungap/structured-clone': [ '1.3.1' ],
28 silly audit   '@unrs/resolver-binding-android-arm-eabi': [ '1.12.2' ],
28 silly audit   '@unrs/resolver-binding-android-arm64': [ '1.12.2' ],
28 silly audit   '@unrs/resolver-binding-darwin-arm64': [ '1.12.2' ],
28 silly audit   '@unrs/resolver-binding-darwin-x64': [ '1.12.2' ],
28 silly audit   '@unrs/resolver-binding-freebsd-x64': [ '1.12.2' ],
28 silly audit   '@unrs/resolver-binding-linux-arm-gnueabihf': [ '1.12.2' ],
28 silly audit   '@unrs/resolver-binding-linux-arm-musleabihf': [ '1.12.2' ],
28 silly audit   '@unrs/resolver-binding-linux-arm64-gnu': [ '1.12.2' ],
28 silly audit   '@unrs/resolver-binding-linux-arm64-musl': [ '1.12.2' ],
28 silly audit   '@unrs/resolver-binding-linux-loong64-gnu': [ '1.12.2' ],
28 silly audit   '@unrs/resolver-binding-linux-loong64-musl': [ '1.12.2' ],
28 silly audit   '@unrs/resolver-binding-linux-ppc64-gnu': [ '1.12.2' ],
28 silly audit   '@unrs/resolver-binding-linux-riscv64-gnu': [ '1.12.2' ],
28 silly audit   '@unrs/resolver-binding-linux-riscv64-musl': [ '1.12.2' ],
28 silly audit   '@unrs/resolver-binding-linux-s390x-gnu': [ '1.12.2' ],
28 silly audit   '@unrs/resolver-binding-linux-x64-gnu': [ '1.12.2' ],
28 silly audit   '@unrs/resolver-binding-linux-x64-musl': [ '1.12.2' ],
28 silly audit   '@unrs/resolver-binding-openharmony-arm64': [ '1.12.2' ],
28 silly audit   '@unrs/resolver-binding-wasm32-wasi': [ '1.12.2' ],
28 silly audit   '@unrs/resolver-binding-win32-arm64-msvc': [ '1.12.2' ],
28 silly audit   '@unrs/resolver-binding-win32-ia32-msvc': [ '1.12.2' ],
28 silly audit   '@unrs/resolver-binding-win32-x64-msvc': [ '1.12.2' ],
28 silly audit   '@vitejs/plugin-react': [ '5.2.0' ],
28 silly audit   abitype: [ '1.2.3' ],
28 silly audit   acorn: [ '8.17.0' ],
28 silly audit   'acorn-jsx': [ '5.3.2' ],
28 silly audit   ajv: [ '6.15.0' ],
28 silly audit   'ansi-styles': [ '4.3.0', '6.2.3' ],
28 silly audit   argparse: [ '2.0.1' ],
28 silly audit   'aria-query': [ '5.3.2' ],
28 silly audit   'array-buffer-byte-length': [ '1.0.2' ],
28 silly audit   'array-includes': [ '3.1.9' ],
28 silly audit   'array.prototype.findlast': [ '1.2.5' ],
28 silly audit   'array.prototype.findlastindex': [ '1.2.6' ],
28 silly audit   'array.prototype.flat': [ '1.3.3' ],
28 silly audit   'array.prototype.flatmap': [ '1.3.3' ],
28 silly audit   'array.prototype.tosorted': [ '1.1.4' ],
28 silly audit   'arraybuffer.prototype.slice': [ '1.0.4' ],
28 silly audit   'ast-types-flow': [ '0.0.8' ],
28 silly audit   'async-function': [ '1.0.0' ],
28 silly audit   'available-typed-arrays': [ '1.0.7' ],
28 silly audit   'axe-core': [ '4.12.1' ],
28 silly audit   'axobject-query': [ '4.1.0' ],
28 silly audit   'baseline-browser-mapping': [ '2.10.38' ],
28 silly audit   browserslist: [ '4.28.4' ],
28 silly audit   busboy: [ '1.6.0' ],
28 silly audit   'call-bind': [ '1.0.9' ],
28 silly audit   'call-bind-apply-helpers': [ '1.0.2' ],
28 silly audit   'call-bound': [ '1.0.4' ],
28 silly audit   callsites: [ '3.1.0' ],
28 silly audit   'caniuse-lite': [ '1.0.30001799' ],
28 silly audit   chalk: [ '4.1.2' ],
28 silly audit   'client-only': [ '0.0.1' ],
28 silly audit   'color-convert': [ '2.0.1' ],
28 silly audit   'color-name': [ '1.1.4' ],
28 silly audit   'concat-map': [ '0.0.1' ],
28 silly audit   'convert-source-map': [ '2.0.0' ],
28 silly audit   'cross-spawn': [ '7.0.6' ],
28 silly audit   csstype: [ '3.2.3' ],
28 silly audit   'damerau-levenshtein': [ '1.0.8' ],
28 silly audit   'data-view-buffer': [ '1.0.2' ],
28 silly audit   'data-view-byte-length': [ '1.0.2' ],
28 silly audit   'data-view-byte-offset': [ '1.0.1' ],
28 silly audit   debug: [ '4.4.3', '3.2.7' ],
28 silly audit   'deep-is': [ '0.1.4' ],
28 silly audit   'define-data-property': [ '1.1.4' ],
28 silly audit   'define-properties': [ '1.2.1' ],
28 silly audit   'detect-libc': [ '2.1.2' ],
28 silly audit   doctrine: [ '3.0.0', '2.1.0' ],
28 silly audit   'dunder-proto': [ '1.0.1' ],
28 silly audit   eastasianwidth: [ '0.2.0' ],
28 silly audit   'electron-to-chromium': [ '1.5.376' ],
28 silly audit   'emoji-regex': [ '9.2.2', '8.0.0' ],
28 silly audit   'es-abstract': [ '1.24.2' ],
28 silly audit   'es-abstract-get': [ '1.0.0' ],
28 silly audit   'es-define-property': [ '1.0.1' ],
28 silly audit   'es-errors': [ '1.3.0' ],
28 silly audit   'es-iterator-helpers': [ '1.3.3' ],
28 silly audit   'es-object-atoms': [ '1.1.2' ],
28 silly audit   'es-set-tostringtag': [ '2.1.0' ],
28 silly audit   'es-shim-unscopables': [ '1.1.0' ],
28 silly audit   'es-to-primitive': [ '1.3.1' ],
28 silly audit   esbuild: [ '0.28.1' ],
28 silly audit   escalade: [ '3.2.0' ],
28 silly audit   'escape-string-regexp': [ '4.0.0' ],
28 silly audit   eslint: [ '8.57.1' ],
28 silly audit   'eslint-config-next': [ '14.2.35' ],
28 silly audit   'eslint-import-resolver-node': [ '0.3.10' ],
28 silly audit   'eslint-import-resolver-typescript': [ '3.10.1' ],
28 silly audit   'eslint-module-utils': [ '2.13.0' ],
28 silly audit   'eslint-plugin-import': [ '2.32.0' ],
28 silly audit   'eslint-plugin-jsx-a11y': [ '6.10.2' ],
28 silly audit   'eslint-plugin-react': [ '7.37.5' ],
28 silly audit   'eslint-plugin-react-hooks': [ '5.0.0-canary-7118f5dd7-20230705' ],
28 silly audit   'eslint-scope': [ '7.2.2' ],
28 silly audit   espree: [ '9.6.1' ],
28 silly audit   esquery: [ '1.7.0' ],
28 silly audit   esrecurse: [ '4.3.0' ],
28 silly audit   estraverse: [ '5.3.0' ],
28 silly audit   esutils: [ '2.0.3' ],
28 silly audit   eventemitter3: [ '5.0.1' ],
28 silly audit   'fast-deep-equal': [ '3.1.3' ],
28 silly audit   'fast-json-stable-stringify': [ '2.1.0' ],
28 silly audit   'fast-levenshtein': [ '2.0.6' ],
28 silly audit   fastq: [ '1.20.1' ],
28 silly audit   fdir: [ '6.5.0' ],
28 silly audit   'file-entry-cache': [ '6.0.1' ],
28 silly audit   'find-up': [ '5.0.0' ],
28 silly audit   'flat-cache': [ '3.2.0' ],
28 silly audit   flatted: [ '3.4.2' ],
28 silly audit   'for-each': [ '0.3.5' ],
28 silly audit   'foreground-child': [ '3.3.1' ],
28 silly audit   'fs.realpath': [ '1.0.0' ],
28 silly audit   fsevents: [ '2.3.3' ],
28 silly audit   'function-bind': [ '1.1.2' ],
28 silly audit   'function.prototype.name': [ '1.2.0' ],
28 silly audit   'functions-have-names': [ '1.2.3' ],
28 silly audit   'generator-function': [ '2.0.1' ],
28 silly audit   gensync: [ '1.0.0-beta.2' ],
28 silly audit   'get-intrinsic': [ '1.3.0' ],
28 silly audit   'get-proto': [ '1.0.1' ],
28 silly audit   'get-symbol-description': [ '1.1.0' ],
28 silly audit   'get-tsconfig': [ '4.14.0' ],
28 silly audit   glob: [ '10.3.10', '7.2.3' ],
28 silly audit   'glob-parent': [ '6.0.2' ],
28 silly audit   globals: [ '13.24.0' ],
28 silly audit   globalthis: [ '1.0.4' ],
28 silly audit   gopd: [ '1.2.0' ],
28 silly audit   'graceful-fs': [ '4.2.11' ],
28 silly audit   graphemer: [ '1.4.0' ],
28 silly audit   'has-bigints': [ '1.1.0' ],
28 silly audit   'has-flag': [ '4.0.0' ],
28 silly audit   'has-property-descriptors': [ '1.0.2' ],
28 silly audit   'has-proto': [ '1.2.0' ],
28 silly audit   'has-symbols': [ '1.1.0' ],
28 silly audit   'has-tostringtag': [ '1.0.2' ],
28 silly audit   hasown: [ '2.0.4' ],
28 silly audit   'import-fresh': [ '3.3.1' ],
28 silly audit   imurmurhash: [ '0.1.4' ],
28 silly audit   inflight: [ '1.0.6' ],
28 silly audit   inherits: [ '2.0.4' ],
28 silly audit   'internal-slot': [ '1.1.0' ],
28 silly audit   'is-array-buffer': [ '3.0.5' ],
28 silly audit   'is-async-function': [ '2.1.1' ],
28 silly audit   'is-bigint': [ '1.1.0' ],
28 silly audit   'is-boolean-object': [ '1.2.2' ],
28 silly audit   'is-bun-module': [ '2.0.0' ],
28 silly audit   'is-callable': [ '1.2.7' ],
28 silly audit   'is-core-module': [ '2.16.2' ],
28 silly audit   'is-data-view': [ '1.0.2' ],
28 silly audit   'is-date-object': [ '1.1.0' ],
28 silly audit   'is-document.all': [ '1.0.0' ],
28 silly audit   'is-extglob': [ '2.1.1' ],
28 silly audit   'is-finalizationregistry': [ '1.1.1' ],
28 silly audit   'is-fullwidth-code-point': [ '3.0.0' ],
28 silly audit   'is-generator-function': [ '1.1.2' ],
28 silly audit   'is-glob': [ '4.0.3' ],
28 silly audit   'is-map': [ '2.0.3' ],
28 silly audit   'is-negative-zero': [ '2.0.3' ],
28 silly audit   'is-number-object': [ '1.1.1' ],
28 silly audit   'is-path-inside': [ '3.0.3' ],
28 silly audit   'is-regex': [ '1.2.1' ],
28 silly audit   'is-set': [ '2.0.3' ],
28 silly audit   'is-shared-array-buffer': [ '1.0.4' ],
28 silly audit   'is-string': [ '1.1.1' ],
28 silly audit   'is-symbol': [ '1.1.1' ],
28 silly audit   'is-typed-array': [ '1.1.15' ],
28 silly audit   'is-weakmap': [ '2.0.2' ],
28 silly audit   'is-weakref': [ '1.1.1' ],
28 silly audit   'is-weakset': [ '2.0.4' ],
28 silly audit   isarray: [ '2.0.5' ],
28 silly audit   isexe: [ '2.0.0' ],
28 silly audit   isows: [ '1.0.7' ],
28 silly audit   'iterator.prototype': [ '1.1.5' ],
28 silly audit   jackspeak: [ '2.3.6' ],
28 silly audit   'js-tokens': [ '4.0.0' ],
28 silly audit   'js-yaml': [ '4.2.0' ],
28 silly audit   jsesc: [ '3.1.0' ],
28 silly audit   'json-buffer': [ '3.0.1' ],
28 silly audit   'json-schema-traverse': [ '0.4.1' ],
28 silly audit   'json-stable-stringify-without-jsonify': [ '1.0.1' ],
28 silly audit   json5: [ '2.2.3', '1.0.2' ],
28 silly audit   'jsx-ast-utils': [ '3.3.5' ],
28 silly audit   keyv: [ '4.5.4' ],
28 silly audit   'language-subtag-registry': [ '0.3.23' ],
28 silly audit   'language-tags': [ '1.0.9' ],
28 silly audit   levn: [ '0.4.1' ],
28 silly audit   lightningcss: [ '1.32.0' ],
28 silly audit   'lightningcss-android-arm64': [ '1.32.0' ],
28 silly audit   'lightningcss-darwin-arm64': [ '1.32.0' ],
28 silly audit   'lightningcss-darwin-x64': [ '1.32.0' ],
28 silly audit   'lightningcss-freebsd-x64': [ '1.32.0' ],
28 silly audit   'lightningcss-linux-arm-gnueabihf': [ '1.32.0' ],
28 silly audit   'lightningcss-linux-arm64-gnu': [ '1.32.0' ],
28 silly audit   'lightningcss-linux-arm64-musl': [ '1.32.0' ],
28 silly audit   'lightningcss-linux-x64-gnu': [ '1.32.0' ],
28 silly audit   'lightningcss-linux-x64-musl': [ '1.32.0' ],
28 silly audit   'lightningcss-win32-arm64-msvc': [ '1.32.0' ],
28 silly audit   'lightningcss-win32-x64-msvc': [ '1.32.0' ],
28 silly audit   'locate-path': [ '6.0.0' ],
28 silly audit   'lodash.merge': [ '4.6.2' ],
28 silly audit   'loose-envify': [ '1.4.0' ],
28 silly audit   'lru-cache': [ '5.1.1', '10.4.3' ],
28 silly audit   'lucide-react': [ '0.468.0' ],
28 silly audit   'math-intrinsics': [ '1.1.0' ],
28 silly audit   minimist: [ '1.2.8' ],
28 silly audit   minipass: [ '7.1.3' ],
28 silly audit   ms: [ '2.1.3' ],
28 silly audit   nanoid: [ '3.3.15' ],
28 silly audit   'napi-postinstall': [ '0.3.4' ],
28 silly audit   'natural-compare': [ '1.4.0' ],
28 silly audit   next: [ '14.2.35' ],
28 silly audit   'node-exports-info': [ '1.6.0' ],
28 silly audit   'node-releases': [ '2.0.48' ],
28 silly audit   'object-assign': [ '4.1.1' ],
28 silly audit   'object-inspect': [ '1.13.4' ],
28 silly audit   'object-keys': [ '1.1.1' ],
28 silly audit   'object.assign': [ '4.1.7' ],
28 silly audit   'object.entries': [ '1.1.9' ],
28 silly audit   'object.fromentries': [ '2.0.8' ],
28 silly audit   'object.groupby': [ '1.0.3' ],
28 silly audit   'object.values': [ '1.2.1' ],
28 silly audit   once: [ '1.4.0' ],
28 silly audit   optionator: [ '0.9.4' ],
28 silly audit   'own-keys': [ '1.0.1' ],
28 silly audit   ox: [ '0.14.29' ],
28 silly audit   'p-limit': [ '3.1.0' ],
28 silly audit   'p-locate': [ '5.0.0' ],
28 silly audit   'parent-module': [ '1.0.1' ],
28 silly audit   'path-exists': [ '4.0.0' ],
28 silly audit   'path-is-absolute': [ '1.0.1' ],
28 silly audit   'path-key': [ '3.1.1' ],
28 silly audit   'path-parse': [ '1.0.7' ],
28 silly audit   'path-scurry': [ '1.11.1' ],
28 silly audit   picocolors: [ '1.1.1' ],
28 silly audit   picomatch: [ '4.0.4' ],
28 silly audit   'possible-typed-array-names': [ '1.1.0' ],
28 silly audit   postcss: [ '8.4.31', '8.5.15' ],
28 silly audit   'prelude-ls': [ '1.2.1' ],
28 silly audit   'prop-types': [ '15.8.1' ],
28 silly audit   punycode: [ '2.3.1' ],
28 silly audit   'queue-microtask': [ '1.2.3' ],
28 silly audit   react: [ '18.3.1' ],
28 silly audit   'react-dom': [ '18.3.1' ],
28 silly audit   'react-is': [ '16.13.1' ],
28 silly audit   'react-refresh': [ '0.18.0' ],
28 silly audit   'reflect.getprototypeof': [ '1.0.10' ],
28 silly audit   'regexp.prototype.flags': [ '1.5.4' ],
28 silly audit   resolve: [ '2.0.0-next.7' ],
28 silly audit   'resolve-from': [ '4.0.0' ],
28 silly audit   'resolve-pkg-maps': [ '1.0.0' ],
28 silly audit   reusify: [ '1.1.0' ],
28 silly audit   rimraf: [ '3.0.2' ],
28 silly audit   rolldown: [ '1.0.3' ],
28 silly audit   'run-parallel': [ '1.2.0' ],
28 silly audit   'safe-array-concat': [ '1.1.4' ],
28 silly audit   'safe-push-apply': [ '1.0.0' ],
28 silly audit   'safe-regex-test': [ '1.1.0' ],
28 silly audit   scheduler: [ '0.23.2' ],
28 silly audit   'set-function-length': [ '1.2.2' ],
28 silly audit   'set-function-name': [ '2.0.2' ],
28 silly audit   'set-proto': [ '1.0.0' ],
28 silly audit   'shebang-command': [ '2.0.0' ],
28 silly audit   'shebang-regex': [ '3.0.0' ],
28 silly audit   'side-channel': [ '1.1.1' ],
28 silly audit   'side-channel-list': [ '1.0.1' ],
28 silly audit   'side-channel-map': [ '1.0.1' ],
28 silly audit   'side-channel-weakmap': [ '1.0.2' ],
28 silly audit   'signal-exit': [ '4.1.0' ],
28 silly audit   'source-map-js': [ '1.2.1' ],
28 silly audit   'stable-hash': [ '0.0.5' ],
28 silly audit   'stop-iteration-iterator': [ '1.1.0' ],
28 silly audit   streamsearch: [ '1.1.0' ],
28 silly audit   'string-width': [ '5.1.2', '4.2.3' ],
28 silly audit   'string.prototype.includes': [ '2.0.1' ],
28 silly audit   'string.prototype.matchall': [ '4.0.12' ],
28 silly audit   'string.prototype.repeat': [ '1.0.0' ],
28 silly audit   'string.prototype.trim': [ '1.2.11' ],
28 silly audit   'string.prototype.trimend': [ '1.0.10' ],
28 silly audit   'string.prototype.trimstart': [ '1.0.8' ],
28 silly audit   'strip-bom': [ '3.0.0' ],
28 silly audit   'strip-json-comments': [ '3.1.1' ],
28 silly audit   'styled-jsx': [ '5.1.1' ],
28 silly audit   'supports-color': [ '7.2.0' ],
28 silly audit   'supports-preserve-symlinks-flag': [ '1.0.0' ],
28 silly audit   'text-table': [ '0.2.0' ],
28 silly audit   tinyglobby: [ '0.2.17' ],
28 silly audit   'ts-api-utils': [ '2.5.0' ],
28 silly audit   'tsconfig-paths': [ '3.15.0' ],
28 silly audit   tslib: [ '2.8.1' ],
28 silly audit   tsx: [ '4.22.4' ],
28 silly audit   'type-check': [ '0.4.0' ],
28 silly audit   'type-fest': [ '0.20.2' ],
28 silly audit   'typed-array-buffer': [ '1.0.3' ],
28 silly audit   'typed-array-byte-length': [ '1.0.3' ],
28 silly audit   'typed-array-byte-offset': [ '1.0.4' ],
28 silly audit   'typed-array-length': [ '1.0.8' ],
28 silly audit   typescript: [ '5.9.3' ],
28 silly audit   'unbox-primitive': [ '1.1.0' ],
28 silly audit   'undici-types': [ '6.21.0' ],
28 silly audit   'unrs-resolver': [ '1.12.2' ],
28 silly audit   'update-browserslist-db': [ '1.2.3' ],
28 silly audit   'uri-js': [ '4.4.1' ],
28 silly audit   viem: [ '2.53.1' ],
28 silly audit   vite: [ '8.0.16' ],
28 silly audit   which: [ '2.0.2' ],
28 silly audit   'which-boxed-primitive': [ '1.1.1' ],
28 silly audit   'which-builtin-type': [ '1.2.1' ],
28 silly audit   'which-collection': [ '1.0.2' ],
28 silly audit   'which-typed-array': [ '1.1.22' ],
28 silly audit   'word-wrap': [ '1.2.5' ],
28 silly audit   'wrap-ansi': [ '8.1.0', '7.0.0' ],
28 silly audit   wrappy: [ '1.0.2' ],
28 silly audit   ws: [ '8.20.1' ],
28 silly audit   yallist: [ '3.1.1' ],
28 silly audit   'yocto-queue': [ '0.1.0' ],
28 silly audit   '@bgd-labs/aave-address-book': [ '4.44.22' ]
28 silly audit }
29 http cache @bgd-labs/aave-address-book@https://registry.npmjs.org/@bgd-labs/aave-address-book/-/aave-address-book-4.44.22.tgz 1ms (cache hit)
30 silly tarball no local data for @bgd-labs/aave-address-book@https://registry.npmjs.org/@bgd-labs/aave-address-book/-/aave-address-book-4.44.22.tgz. Extracting by manifest.
31 http fetch POST 200 https://registry.npmjs.org/-/npm/v1/security/advisories/bulk 347ms
32 silly audit report {
32 silly audit report   glob: [
32 silly audit report     {
32 silly audit report       id: 1109842,
32 silly audit report       url: 'https://github.com/advisories/GHSA-5j98-mcp5-4vw2',
32 silly audit report       title: 'glob CLI: Command injection via -c/--cmd executes matches with shell:true',
32 silly audit report       severity: 'high',
32 silly audit report       vulnerable_versions: '>=10.2.0 <10.5.0',
32 silly audit report       cwe: [Array],
32 silly audit report       cvss: [Object]
32 silly audit report     }
32 silly audit report   ],
32 silly audit report   next: [
32 silly audit report     {
32 silly audit report       id: 1117931,
32 silly audit report       url: 'https://github.com/advisories/GHSA-8h8q-6873-q5fj',
32 silly audit report       title: 'Next.js Vulnerable to Denial of Service with Server Components',
32 silly audit report       severity: 'high',
32 silly audit report       vulnerable_versions: '>=13.0.0 <15.5.16',
32 silly audit report       cwe: [Array],
32 silly audit report       cvss: [Object]
32 silly audit report     },
32 silly audit report     {
32 silly audit report       id: 1118942,
32 silly audit report       url: 'https://github.com/advisories/GHSA-3g8h-86w9-wvmq',
32 silly audit report       title: "Next.js's Middleware / Proxy redirects can be cache-poisoned",
32 silly audit report       severity: 'low',
32 silly audit report       vulnerable_versions: '>=12.2.0 <15.5.16',
32 silly audit report       cwe: [Array],
32 silly audit report       cvss: [Object]
32 silly audit report     },
32 silly audit report     {
32 silly audit report       id: 1118944,
32 silly audit report       url: 'https://github.com/advisories/GHSA-ffhc-5mcf-pf4q',
32 silly audit report       title: 'Next.js vulnerable to cross-site scripting in App Router applications using CSP nonces',
32 silly audit report       severity: 'moderate',
32 silly audit report       vulnerable_versions: '>=13.4.0 <15.5.16',
32 silly audit report       cwe: [Array],
32 silly audit report       cvss: [Object]
32 silly audit report     },
32 silly audit report     {
32 silly audit report       id: 1118946,
32 silly audit report       url: 'https://github.com/advisories/GHSA-vfv6-92ff-j949',
32 silly audit report       title: 'Next.js vulnerable to cache poisoning via collisions in React Server Component cache-busting',
32 silly audit report       severity: 'low',
32 silly audit report       vulnerable_versions: '>=13.4.6 <15.5.16',
32 silly audit report       cwe: [Array],
32 silly audit report       cvss: [Object]
32 silly audit report     },
32 silly audit report     {
32 silly audit report       id: 1118948,
32 silly audit report       url: 'https://github.com/advisories/GHSA-gx5p-jg67-6x7h',
32 silly audit report       title: 'Next.js has cross-site scripting in beforeInteractive scripts with untrusted input',
32 silly audit report       severity: 'moderate',
32 silly audit report       vulnerable_versions: '>=13.0.0 <15.5.16',
32 silly audit report       cwe: [Array],
32 silly audit report       cvss: [Object]
32 silly audit report     },
32 silly audit report     {
32 silly audit report       id: 1118952,
32 silly audit report       url: 'https://github.com/advisories/GHSA-h64f-5h5j-jqjh',
32 silly audit report       title: 'Next.js has a Denial of Service in the Image Optimization API',
32 silly audit report       severity: 'moderate',
32 silly audit report       vulnerable_versions: '>=10.0.0 <15.5.16',
32 silly audit report       cwe: [Array],
32 silly audit report       cvss: [Object]
32 silly audit report     },
32 silly audit report     {
32 silly audit report       id: 1118954,
32 silly audit report       url: 'https://github.com/advisories/GHSA-c4j6-fc7j-m34r',
32 silly audit report       title: 'Next.js vulnerable to server-side request forgery in applications using WebSocket upgrades',
32 silly audit report       severity: 'high',
32 silly audit report       vulnerable_versions: '>=13.4.13 <15.5.16',
32 silly audit report       cwe: [Array],
32 silly audit report       cvss: [Object]
32 silly audit report     },
32 silly audit report     {
32 silly audit report       id: 1118958,
32 silly audit report       url: 'https://github.com/advisories/GHSA-wfc6-r584-vfw7',
32 silly audit report       title: 'Next.js vulnerable to cache poisoning in React Server Component responses',
32 silly audit report       severity: 'moderate',
32 silly audit report       vulnerable_versions: '>=14.2.0 <15.5.16',
32 silly audit report       cwe: [Array],
32 silly audit report       cvss: [Object]
32 silly audit report     },
32 silly audit report     {
32 silly audit report       id: 1118962,
32 silly audit report       url: 'https://github.com/advisories/GHSA-36qx-fr4f-26g5',
32 silly audit report       title: 'Next.js has a Middleware / Proxy bypass in Pages Router applications using i18n',
32 silly audit report       severity: 'high',
32 silly audit report       vulnerable_versions: '>=12.2.0 <15.5.16',
32 silly audit report       cwe: [Array],
32 silly audit report       cvss: [Object]
32 silly audit report     },
32 silly audit report     {
32 silly audit report       id: 1112593,
32 silly audit report       url: 'https://github.com/advisories/GHSA-9g9p-9gw9-jx7f',
32 silly audit report       title: 'Next.js self-hosted applications vulnerable to DoS via Image Optimizer remotePatterns configuration',
32 silly audit report       severity: 'moderate',
32 silly audit report       vulnerable_versions: '>=10.0.0 <15.5.10',
32 silly audit report       cwe: [Array],
32 silly audit report       cvss: [Object]
32 silly audit report     },
32 silly audit report     {
32 silly audit report       id: 1112653,
32 silly audit report       url: 'https://github.com/advisories/GHSA-h25m-26qc-wcjf',
32 silly audit report       title: 'Next.js HTTP request deserialization can lead to DoS when using insecure React Server Components',
32 silly audit report       severity: 'high',
32 silly audit report       vulnerable_versions: '>=13.0.0 <15.0.8',
32 silly audit report       cwe: [Array],
32 silly audit report       cvss: [Object]
32 silly audit report     },
32 silly audit report     {
32 silly audit report       id: 1114897,
32 silly audit report       url: 'https://github.com/advisories/GHSA-ggv3-7p47-pfv8',
32 silly audit report       title: 'Next.js: HTTP request smuggling in rewrites',
32 silly audit report       severity: 'moderate',
32 silly audit report       vulnerable_versions: '>=9.5.0 <15.5.13',
32 silly audit report       cwe: [Array],
32 silly audit report       cvss: [Object]
32 silly audit report     },
32 silly audit report     {
32 silly audit report       id: 1114940,
32 silly audit report       url: 'https://github.com/advisories/GHSA-3x4c-7xq6-9pq8',
32 silly audit report       title: 'Next.js: Unbounded next/image disk cache growth can exhaust storage',
32 silly audit report       severity: 'moderate',
32 silly audit report       vulnerable_versions: '>=10.0.0 <15.5.14',
32 silly audit report       cwe: [Array],
32 silly audit report       cvss: [Object]
32 silly audit report     },
32 silly audit report     {
32 silly audit report       id: 1116376,
32 silly audit report       url: 'https://github.com/advisories/GHSA-q4gf-8mx6-v5v3',
32 silly audit report       title: 'Next.js has a Denial of Service with Server Components',
32 silly audit report       severity: 'high',
32 silly audit report       vulnerable_versions: '>=13.0.0 <15.5.15',
32 silly audit report       cwe: [Array],
32 silly audit report       cvss: [Object]
32 silly audit report     }
32 silly audit report   ],
32 silly audit report   postcss: [
32 silly audit report     {
32 silly audit report       id: 1117015,
32 silly audit report       url: 'https://github.com/advisories/GHSA-qx2v-qp2m-jg93',
32 silly audit report       title: 'PostCSS has XSS via Unescaped </style> in its CSS Stringify Output',
32 silly audit report       severity: 'moderate',
32 silly audit report       vulnerable_versions: '<8.5.10',
32 silly audit report       cwe: [Array],
32 silly audit report       cvss: [Object]
32 silly audit report     }
32 silly audit report   ],
32 silly audit report   ws: [
32 silly audit report     {
32 silly audit report       id: 1120730,
32 silly audit report       url: 'https://github.com/advisories/GHSA-96hv-2xvq-fx4p',
32 silly audit report       title: 'ws: Memory exhaustion DoS from tiny fragments and data chunks',
32 silly audit report       severity: 'high',
32 silly audit report       vulnerable_versions: '>=8.0.0 <8.21.0',
32 silly audit report       cwe: [Array],
32 silly audit report       cvss: [Object]
32 silly audit report     }
32 silly audit report   ]
32 silly audit report }
33 silly packumentCache corgi:https://registry.npmjs.org/glob cache-miss
34 silly packumentCache corgi:https://registry.npmjs.org/next cache-miss
35 silly packumentCache corgi:https://registry.npmjs.org/postcss cache-miss
36 silly packumentCache corgi:https://registry.npmjs.org/ws cache-miss
37 http cache https://registry.npmjs.org/postcss 27ms (cache hit)
38 silly packumentCache corgi:https://registry.npmjs.org/postcss set size:344717 disposed:false
39 http cache https://registry.npmjs.org/glob 35ms (cache hit)
40 silly packumentCache corgi:https://registry.npmjs.org/glob set size:199194 disposed:false
41 http cache https://registry.npmjs.org/next 67ms (cache hit)
42 silly packumentCache corgi:https://registry.npmjs.org/next set size:25311373 disposed:false
43 http cache https://registry.npmjs.org/ws 635ms (cache hit)
44 silly packumentCache corgi:https://registry.npmjs.org/ws set size:199711 disposed:false
45 silly packumentCache corgi:https://registry.npmjs.org/@next%2feslint-plugin-next cache-miss
46 http cache https://registry.npmjs.org/@next%2feslint-plugin-next 32ms (cache hit)
47 silly packumentCache corgi:https://registry.npmjs.org/@next%2feslint-plugin-next set size:3258555 disposed:false
48 silly packumentCache corgi:https://registry.npmjs.org/isows cache-miss
49 silly packumentCache corgi:https://registry.npmjs.org/viem cache-miss
50 http cache https://registry.npmjs.org/isows 9ms (cache hit)
51 silly packumentCache corgi:https://registry.npmjs.org/isows set size:28148 disposed:false
52 http cache https://registry.npmjs.org/viem 13ms (cache hit)
53 silly packumentCache corgi:https://registry.npmjs.org/viem set size:2587193 disposed:false
54 silly packumentCache corgi:https://registry.npmjs.org/eslint-config-next cache-miss
55 http cache https://registry.npmjs.org/eslint-config-next 18ms (cache hit)
56 silly packumentCache corgi:https://registry.npmjs.org/eslint-config-next set size:3937045 disposed:false
57 silly packumentCache corgi:https://registry.npmjs.org/@bgd-labs%2faave-address-book cache-miss
58 http fetch GET 200 https://registry.npmjs.org/@bgd-labs%2faave-address-book 678ms (cache miss)
59 silly packumentCache corgi:https://registry.npmjs.org/@bgd-labs%2faave-address-book set size:undefined disposed:false
60 http fetch GET 200 https://registry.npmjs.org/@bgd-labs/aave-address-book/-/aave-address-book-4.44.22.tgz 2863ms (cache miss)
61 silly ADD node_modules/@bgd-labs/aave-address-book
62 verbose cwd C:\Users\Altside\Documents\Painel Loan
63 verbose os Windows_NT 10.0.26200
64 verbose node v24.15.0
65 verbose npm  v11.12.1
66 verbose exit 0
67 info ok
